<?xml version="1.0" encoding="UTF-8"?>
<!-- Generated by org.testng.reporters.JUnitXMLReporter -->
<testsuite hostname="PAKU-BLR-01" ignored="0" name="Test-firefox" tests="1" failures="0" timestamp="21 Oct 2022 07:03:45 GMT" time="40.076" errors="0">
  <testcase name="CRMLoginTest" time="18.184" classname="TestNgRevision.TestNGParametersTest_10"/>
</testsuite> <!-- Test-firefox -->
