<?xml version="1.0" encoding="UTF-8"?>
<!-- Generated by org.testng.reporters.JUnitReportReporter -->
<testsuite name="TestNgRevision.DependOnMethodInTestNg_6" tests="4" time="0.057" ignored="0" failures="0" timestamp="19 Oct 2022 06:39:59 GMT" skipped="0" hostname="PAKU-BLR-01" errors="0">
  <testcase name="contactsTest" time="0.014" classname="TestNgRevision.DependOnMethodInTestNg_6"/>
  <testcase name="login" time="0.013" classname="TestNgRevision.DependOnMethodInTestNg_6"/>
  <testcase name="logout" time="0.009" classname="TestNgRevision.DependOnMethodInTestNg_6"/>
  <testcase name="homeTest" time="0.021" classname="TestNgRevision.DependOnMethodInTestNg_6"/>
</testsuite> <!-- TestNgRevision.DependOnMethodInTestNg_6 -->
