<?xml version="1.0" encoding="UTF-8"?>
<!-- Generated by org.testng.reporters.JUnitReportReporter -->
<testsuite name="TestNGConcepts.FirstTestNgDemo" tests="1" time="0.013" ignored="0" failures="0" timestamp="12 Sep 2022 05:54:22 GMT" skipped="0" hostname="PAKU-BLR-01" errors="0">
  <testcase name="googleTitleTest" time="0.013" classname="TestNGConcepts.FirstTestNgDemo"/>
</testsuite> <!-- TestNGConcepts.FirstTestNgDemo -->
