<?xml version="1.0" encoding="UTF-8"?>
<!-- Generated by org.testng.reporters.JUnitReportReporter -->
<testsuite name="TestNgRevision.TestNgInvocationCount" tests="10" time="0.042" ignored="0" failures="0" timestamp="19 Oct 2022 06:10:32 GMT" skipped="0" hostname="PAKU-BLR-01" errors="0">
  <testcase name="addition" time="0.023" classname="TestNgRevision.TestNgInvocationCount"/>
  <testcase name="addition" time="0.000" classname="TestNgRevision.TestNgInvocationCount"/>
  <testcase name="addition" time="0.002" classname="TestNgRevision.TestNgInvocationCount"/>
  <testcase name="addition" time="0.004" classname="TestNgRevision.TestNgInvocationCount"/>
  <testcase name="addition" time="0.002" classname="TestNgRevision.TestNgInvocationCount"/>
  <testcase name="addition" time="0.004" classname="TestNgRevision.TestNgInvocationCount"/>
  <testcase name="addition" time="0.001" classname="TestNgRevision.TestNgInvocationCount"/>
  <testcase name="addition" time="0.001" classname="TestNgRevision.TestNgInvocationCount"/>
  <testcase name="addition" time="0.004" classname="TestNgRevision.TestNgInvocationCount"/>
  <testcase name="addition" time="0.001" classname="TestNgRevision.TestNgInvocationCount"/>
</testsuite> <!-- TestNgRevision.TestNgInvocationCount -->
