<?xml version="1.0" encoding="UTF-8"?>
<!-- Generated by org.testng.reporters.JUnitReportReporter -->
<testsuite name="TestNGConcepts.InvocationCount" tests="20" time="0.126" ignored="0" failures="0" timestamp="12 Sep 2022 06:18:05 GMT" skipped="0" hostname="PAKU-BLR-01" errors="0">
  <testcase name="sum" time="0.004" classname="TestNGConcepts.InvocationCount"/>
  <testcase name="sum" time="0.002" classname="TestNGConcepts.InvocationCount"/>
  <testcase name="sum" time="0.004" classname="TestNGConcepts.InvocationCount"/>
  <testcase name="sum" time="0.020" classname="TestNGConcepts.InvocationCount"/>
  <testcase name="sum" time="0.011" classname="TestNGConcepts.InvocationCount"/>
  <testcase name="sum" time="0.007" classname="TestNGConcepts.InvocationCount"/>
  <testcase name="sum" time="0.008" classname="TestNGConcepts.InvocationCount"/>
  <testcase name="sum" time="0.004" classname="TestNGConcepts.InvocationCount"/>
  <testcase name="sum" time="0.003" classname="TestNGConcepts.InvocationCount"/>
  <testcase name="sum" time="0.004" classname="TestNGConcepts.InvocationCount"/>
  <testcase name="sum" time="0.008" classname="TestNGConcepts.InvocationCount"/>
  <testcase name="sum" time="0.004" classname="TestNGConcepts.InvocationCount"/>
  <testcase name="sum" time="0.003" classname="TestNGConcepts.InvocationCount"/>
  <testcase name="sum" time="0.023" classname="TestNGConcepts.InvocationCount"/>
  <testcase name="sum" time="0.001" classname="TestNGConcepts.InvocationCount"/>
  <testcase name="sum" time="0.004" classname="TestNGConcepts.InvocationCount"/>
  <testcase name="sum" time="0.001" classname="TestNGConcepts.InvocationCount"/>
  <testcase name="sum" time="0.002" classname="TestNGConcepts.InvocationCount"/>
  <testcase name="sum" time="0.002" classname="TestNGConcepts.InvocationCount"/>
  <testcase name="sum" time="0.011" classname="TestNGConcepts.InvocationCount"/>
</testsuite> <!-- TestNGConcepts.InvocationCount -->
