<?xml version="1.0" encoding="UTF-8"?>
<!-- Generated by org.testng.reporters.JUnitReportReporter -->
<testsuite name="TestNgRevision.LearningAnotations" tests="3" time="0.010" ignored="0" failures="0" timestamp="19 Oct 2022 05:54:58 GMT" skipped="0" hostname="PAKU-BLR-01" errors="0">
  <testcase name="button" time="0.005" classname="TestNgRevision.LearningAnotations"/>
  <testcase name="link" time="0.002" classname="TestNgRevision.LearningAnotations"/>
  <testcase name="title" time="0.003" classname="TestNgRevision.LearningAnotations"/>
</testsuite> <!-- TestNgRevision.LearningAnotations -->
