<?xml version="1.0" encoding="UTF-8"?>
<!-- Generated by org.testng.reporters.JUnitReportReporter -->
<testsuite name="grid.RunningOnGrid" tests="1" time="26.760" ignored="0" failures="0" timestamp="16 Sep 2022 16:20:43 GMT" skipped="0" hostname="PAKU-BLR-01" errors="0">
  <testcase name="Test1" time="26.760" classname="grid.RunningOnGrid"/>
</testsuite> <!-- grid.RunningOnGrid -->
