<?xml version="1.0" encoding="UTF-8"?>
<!-- Generated by org.testng.reporters.JUnitReportReporter -->
<testsuite name="TestNgRevision.GoogleAnnotationTesting_2" tests="14" time="117.978" ignored="0" failures="1" timestamp="21 Oct 2022 08:07:37 GMT" skipped="6" hostname="PAKU-BLR-01" errors="1">
  <testcase name="linkTest" time="8.048" classname="TestNgRevision.GoogleAnnotationTesting_2">
    <error type="org.testng.internal.thread.ThreadTimeoutException" message="Method TestNgRevision.GoogleAnnotationTesting_2.linkTest() didn&#039;t finish within the time-out 10">
      <![CDATA[org.testng.internal.thread.ThreadTimeoutException: Method TestNgRevision.GoogleAnnotationTesting_2.linkTest() didn't finish within the time-out 10
	at java.lang.Throwable.fillInStackTrace(Native Method)
	at java.lang.Throwable.fillInStackTrace(Throwable.java:783)
	at java.lang.Throwable.<init>(Throwable.java:250)
	at java.lang.Exception.<init>(Exception.java:54)
	at java.lang.InterruptedException.<init>(InterruptedException.java:57)
	at java.util.concurrent.CompletableFuture.reportGet(CompletableFuture.java:347)
	at java.util.concurrent.CompletableFuture.get(CompletableFuture.java:1915)
	at org.asynchttpclient.netty.NettyResponseFuture.get(NettyResponseFuture.java:206)
	at org.openqa.selenium.remote.http.netty.NettyHttpHandler.makeCall(NettyHttpHandler.java:59)
	at org.openqa.selenium.remote.http.netty.NettyHttpHandler$$Lambda$32/754177595.execute(Unknown Source)
	at org.openqa.selenium.remote.http.AddSeleniumUserAgent.lambda$apply$0(AddSeleniumUserAgent.java:42)
	at org.openqa.selenium.remote.http.AddSeleniumUserAgent$$Lambda$236/1260467793.execute(Unknown Source)
	at org.openqa.selenium.remote.http.Filter.lambda$andFinally$1(Filter.java:56)
	at org.openqa.selenium.remote.http.Filter$$Lambda$33/1776374725.execute(Unknown Source)
	at org.openqa.selenium.remote.http.netty.NettyHttpHandler.execute(NettyHttpHandler.java:49)
	at org.openqa.selenium.remote.http.AddSeleniumUserAgent.lambda$apply$0(AddSeleniumUserAgent.java:42)
	at org.openqa.selenium.remote.http.AddSeleniumUserAgent$$Lambda$236/1260467793.execute(Unknown Source)
	at org.openqa.selenium.remote.http.Filter.lambda$andFinally$1(Filter.java:56)
	at org.openqa.selenium.remote.http.Filter$$Lambda$33/1776374725.execute(Unknown Source)
	at org.openqa.selenium.remote.http.netty.NettyClient.execute(NettyClient.java:98)
	at org.openqa.selenium.remote.HttpCommandExecutor.execute(HttpCommandExecutor.java:181)
	at org.openqa.selenium.remote.service.DriverCommandExecutor.invokeExecute(DriverCommandExecutor.java:167)
	at org.openqa.selenium.remote.service.DriverCommandExecutor.execute(DriverCommandExecutor.java:142)
	at org.openqa.selenium.remote.RemoteWebDriver.execute(RemoteWebDriver.java:547)
	at org.openqa.selenium.remote.ElementLocation$ElementFinder$2.findElement(ElementLocation.java:162)
	at org.openqa.selenium.remote.ElementLocation.findElement(ElementLocation.java:60)
	at org.openqa.selenium.remote.RemoteWebDriver.findElement(RemoteWebDriver.java:365)
	at org.openqa.selenium.remote.RemoteWebDriver.findElement(RemoteWebDriver.java:357)
	at TestNgRevision.GoogleAnnotationTesting_2.linkTest(GoogleAnnotationTesting_2.java:52)
	at sun.reflect.NativeMethodAccessorImpl.invoke0(Native Method)
	at sun.reflect.NativeMethodAccessorImpl.invoke(NativeMethodAccessorImpl.java:62)
	at sun.reflect.DelegatingMethodAccessorImpl.invoke(DelegatingMethodAccessorImpl.java:43)
	at java.lang.reflect.Method.invoke(Method.java:498)
	at org.testng.internal.MethodInvocationHelper.invokeMethod(MethodInvocationHelper.java:104)
	at org.testng.internal.InvokeMethodRunnable.runOne(InvokeMethodRunnable.java:54)
	at org.testng.internal.InvokeMethodRunnable.run(InvokeMethodRunnable.java:40)
	at java.util.concurrent.Executors$RunnableAdapter.call(Executors.java:511)
	at java.util.concurrent.FutureTask.run(FutureTask.java:266)
	at java.util.concurrent.ThreadPoolExecutor.runWorker(ThreadPoolExecutor.java:1149)
	at java.util.concurrent.ThreadPoolExecutor$Worker.run(ThreadPoolExecutor.java:624)
	at java.lang.Thread.run(Thread.java:748)
]]>
    </error>
  </testcase> <!-- linkTest -->
  <testcase name="A" time="8.029" classname="TestNgRevision.GoogleAnnotationTesting_2">
    <failure type="java.lang.AssertionError" message="expected [false] but found [true]">
      <![CDATA[java.lang.AssertionError: expected [false] but found [true]
	at org.testng.Assert.fail(Assert.java:94)
	at org.testng.Assert.failNotEquals(Assert.java:513)
	at org.testng.Assert.assertEqualsImpl(Assert.java:135)
	at org.testng.Assert.assertEquals(Assert.java:116)
	at org.testng.Assert.assertEquals(Assert.java:305)
	at org.testng.Assert.assertEquals(Assert.java:315)
	at TestNgRevision.GoogleAnnotationTesting_2.A(GoogleAnnotationTesting_2.java:59)
	at sun.reflect.NativeMethodAccessorImpl.invoke0(Native Method)
	at sun.reflect.NativeMethodAccessorImpl.invoke(NativeMethodAccessorImpl.java:62)
	at sun.reflect.DelegatingMethodAccessorImpl.invoke(DelegatingMethodAccessorImpl.java:43)
	at java.lang.reflect.Method.invoke(Method.java:498)
	at org.testng.internal.MethodInvocationHelper.invokeMethod(MethodInvocationHelper.java:104)
	at org.testng.internal.Invoker.invokeMethod(Invoker.java:645)
	at org.testng.internal.Invoker.retryFailed(Invoker.java:998)
	at org.testng.internal.Invoker.invokeTestMethods(Invoker.java:1200)
	at org.testng.internal.TestMethodWorker.invokeTestMethods(TestMethodWorker.java:129)
	at org.testng.internal.TestMethodWorker.run(TestMethodWorker.java:112)
	at org.testng.TestRunner.privateRun(TestRunner.java:756)
	at org.testng.TestRunner.run(TestRunner.java:610)
	at org.testng.SuiteRunner.runTest(SuiteRunner.java:387)
	at org.testng.SuiteRunner.runSequentially(SuiteRunner.java:382)
	at org.testng.SuiteRunner.privateRun(SuiteRunner.java:340)
	at org.testng.SuiteRunner.run(SuiteRunner.java:289)
	at org.testng.SuiteRunnerWorker.runSuite(SuiteRunnerWorker.java:52)
	at org.testng.SuiteRunnerWorker.run(SuiteRunnerWorker.java:86)
	at org.testng.TestNG.runSuitesSequentially(TestNG.java:1293)
	at org.testng.TestNG.runSuitesLocally(TestNG.java:1218)
	at org.testng.TestNG.runSuites(TestNG.java:1133)
	at org.testng.TestNG.run(TestNG.java:1104)
	at org.testng.remote.AbstractRemoteTestNG.run(AbstractRemoteTestNG.java:132)
	at org.testng.remote.RemoteTestNG.initAndRun(RemoteTestNG.java:236)
	at org.testng.remote.RemoteTestNG.main(RemoteTestNG.java:81)
]]>
    </failure>
  </testcase> <!-- A -->
  <testcase name="linkTest" time="7.420" classname="TestNgRevision.GoogleAnnotationTesting_2">
    <skipped/>
  </testcase> <!-- linkTest -->
  <testcase name="B" time="8.137" classname="TestNgRevision.GoogleAnnotationTesting_2"/>
  <testcase name="C" time="7.811" classname="TestNgRevision.GoogleAnnotationTesting_2"/>
  <testcase name="D" time="8.206" classname="TestNgRevision.GoogleAnnotationTesting_2"/>
  <testcase name="linkTest" time="7.967" classname="TestNgRevision.GoogleAnnotationTesting_2">
    <skipped/>
  </testcase> <!-- linkTest -->
  <testcase name="titleTest" time="7.398" classname="TestNgRevision.GoogleAnnotationTesting_2"/>
  <testcase name="linkTest" time="7.842" classname="TestNgRevision.GoogleAnnotationTesting_2">
    <skipped/>
  </testcase> <!-- linkTest -->
  <testcase name="A" time="10.190" classname="TestNgRevision.GoogleAnnotationTesting_2">
    <skipped/>
  </testcase> <!-- A -->
  <testcase name="logoTest" time="7.448" classname="TestNgRevision.GoogleAnnotationTesting_2"/>
  <testcase name="A" time="8.141" classname="TestNgRevision.GoogleAnnotationTesting_2">
    <skipped/>
  </testcase> <!-- A -->
  <testcase name="A" time="12.408" classname="TestNgRevision.GoogleAnnotationTesting_2">
    <skipped/>
  </testcase> <!-- A -->
  <testcase name="imageLinkTest" time="8.933" classname="TestNgRevision.GoogleAnnotationTesting_2"/>
</testsuite> <!-- TestNgRevision.GoogleAnnotationTesting_2 -->
