<?xml version="1.0" encoding="UTF-8"?>
<!-- Generated by org.testng.reporters.JUnitReportReporter -->
<testsuite name="TestNGConcepts.AnnotationsGoogleTest" tests="8" time="57.557" ignored="0" failures="0" timestamp="12 Sep 2022 05:54:22 GMT" skipped="0" hostname="PAKU-BLR-01" errors="0">
  <testcase name="test1" time="7.477" classname="TestNGConcepts.AnnotationsGoogleTest"/>
  <testcase name="logoTest" time="7.263" classname="TestNGConcepts.AnnotationsGoogleTest"/>
  <testcase name="test3" time="7.192" classname="TestNGConcepts.AnnotationsGoogleTest"/>
  <testcase name="titleTest" time="7.052" classname="TestNGConcepts.AnnotationsGoogleTest"/>
  <testcase name="test4" time="6.743" classname="TestNGConcepts.AnnotationsGoogleTest"/>
  <testcase name="test5" time="6.785" classname="TestNGConcepts.AnnotationsGoogleTest"/>
  <testcase name="linkTest" time="7.981" classname="TestNGConcepts.AnnotationsGoogleTest"/>
  <testcase name="test2" time="7.064" classname="TestNGConcepts.AnnotationsGoogleTest"/>
</testsuite> <!-- TestNGConcepts.AnnotationsGoogleTest -->
