<?xml version="1.0" encoding="UTF-8"?>
<!-- Generated by org.testng.reporters.JUnitReportReporter -->
<testsuite name="TestNGConcepts.MultiBrowser" tests="2" time="44.358" ignored="0" failures="0" timestamp="15 Sep 2022 15:00:01 GMT" skipped="0" hostname="PAKU-BLR-01" errors="0">
  <testcase name="verifyTitleTest" time="19.904" classname="TestNGConcepts.MultiBrowser"/>
  <testcase name="verifyTitleTest" time="24.454" classname="TestNGConcepts.MultiBrowser"/>
</testsuite> <!-- TestNGConcepts.MultiBrowser -->
