<?xml version="1.0" encoding="UTF-8"?>
<!-- Generated by org.testng.reporters.JUnitReportReporter -->
<testsuite name="TestNGConcepts.DataProviderTestWithExcel" tests="1" time="0.000" ignored="0" failures="0" timestamp="12 Sep 2022 10:42:20 GMT" skipped="1" hostname="PAKU-BLR-01" errors="0">
  <testcase name="loginTest" time="0.000" classname="TestNGConcepts.DataProviderTestWithExcel">
    <skipped/>
  </testcase> <!-- loginTest -->
</testsuite> <!-- TestNGConcepts.DataProviderTestWithExcel -->
