<?xml version="1.0" encoding="UTF-8"?>
<!-- Generated by org.testng.reporters.JUnitReportReporter -->
<testsuite name="Docker.TestOnDocker1" tests="1" time="269.484" ignored="0" failures="0" timestamp="22 Sep 2022 13:45:20 GMT" skipped="0" hostname="PAKU-BLR-01" errors="0">
  <testcase name="Test1" time="269.484" classname="Docker.TestOnDocker1"/>
</testsuite> <!-- Docker.TestOnDocker1 -->
