<?xml version="1.0" encoding="UTF-8"?>
<!-- Generated by org.testng.reporters.JUnitReportReporter -->
<testsuite name="TestNgRevision.ExpectedExceptionsTestNg_5" tests="1" time="0.022" ignored="0" failures="0" timestamp="19 Oct 2022 06:29:27 GMT" skipped="0" hostname="PAKU-BLR-01" errors="0">
  <testcase name="run" time="0.022" classname="TestNgRevision.ExpectedExceptionsTestNg_5"/>
</testsuite> <!-- TestNgRevision.ExpectedExceptionsTestNg_5 -->
