<?xml version="1.0" encoding="UTF-8"?>
<!-- Generated by org.testng.reporters.JUnitReportReporter -->
<testsuite name="TestNgRevision.TestNGParametersTest_10" tests="2" time="71.638" ignored="0" failures="0" timestamp="21 Oct 2022 07:03:45 GMT" skipped="0" hostname="PAKU-BLR-01" errors="0">
  <testcase name="CRMLoginTest" time="40.026" classname="TestNgRevision.TestNGParametersTest_10"/>
  <testcase name="CRMLoginTest" time="31.612" classname="TestNgRevision.TestNGParametersTest_10"/>
</testsuite> <!-- TestNgRevision.TestNGParametersTest_10 -->
