<?xml version="1.0" encoding="UTF-8"?>
<!-- Generated by org.testng.reporters.JUnitReportReporter -->
<testsuite name="TestNGConcepts.DataProviderConcept" tests="5" time="65.222" ignored="0" failures="0" timestamp="12 Sep 2022 08:55:04 GMT" skipped="0" hostname="PAKU-BLR-01" errors="0">
  <testcase name="loginTest" time="10.665" classname="TestNGConcepts.DataProviderConcept"/>
  <testcase name="loginTest" time="10.613" classname="TestNGConcepts.DataProviderConcept"/>
  <testcase name="loginTest" time="12.990" classname="TestNGConcepts.DataProviderConcept"/>
  <testcase name="loginTest" time="14.247" classname="TestNGConcepts.DataProviderConcept"/>
  <testcase name="loginTest" time="16.707" classname="TestNGConcepts.DataProviderConcept"/>
</testsuite> <!-- TestNGConcepts.DataProviderConcept -->
