<?xml version="1.0" encoding="UTF-8"?>
<!-- Generated by org.testng.reporters.JUnitReportReporter -->
<testsuite name="TestNGConcepts.FFTest" tests="1" time="14.739" ignored="0" failures="0" timestamp="15 Sep 2022 13:31:48 GMT" skipped="0" hostname="PAKU-BLR-01" errors="0">
  <testcase name="display" time="14.739" classname="TestNGConcepts.FFTest"/>
</testsuite> <!-- TestNGConcepts.FFTest -->
